[ 2017-01-08T14:18:07+08:00 ] ::1 /cherry/Public/Bist/css/AdminLTE.min.css
ERR: 无法加载模块:Public

[ 2017-01-08T14:18:07+08:00 ] ::1 /cherry/Public/Blugins/iCheck/square/blue.css
ERR: 无法加载模块:Public

[ 2017-01-08T14:19:03+08:00 ] ::1 /cherry/Public/Blugins/iCheck/square/blue.css
ERR: 无法加载模块:Public

[ 2017-01-08T14:19:03+08:00 ] ::1 /cherry/Public/Bist/css/AdminLTE.min.css
ERR: 无法加载模块:Public

[ 2017-01-08T14:19:04+08:00 ] ::1 /cherry/Public/Blugins/iCheck/square/blue.css
ERR: 无法加载模块:Public

[ 2017-01-08T14:19:04+08:00 ] ::1 /cherry/Public/Bist/css/AdminLTE.min.css
ERR: 无法加载模块:Public

[ 2017-01-08T14:19:04+08:00 ] ::1 /cherry/Public/Bist/css/AdminLTE.min.css
ERR: 无法加载模块:Public

[ 2017-01-08T14:19:04+08:00 ] ::1 /cherry/Public/Blugins/iCheck/square/blue.css
ERR: 无法加载模块:Public

[ 2017-01-08T14:19:05+08:00 ] ::1 /cherry/Public/Bist/css/AdminLTE.min.css
ERR: 无法加载模块:Public

[ 2017-01-08T14:19:05+08:00 ] ::1 /cherry/Public/Blugins/iCheck/square/blue.css
ERR: 无法加载模块:Public

[ 2017-01-08T14:19:05+08:00 ] ::1 /cherry/Public/Bist/css/AdminLTE.min.css
ERR: 无法加载模块:Public

[ 2017-01-08T14:19:05+08:00 ] ::1 /cherry/Public/Blugins/iCheck/square/blue.css
ERR: 无法加载模块:Public

[ 2017-01-08T18:36:58+08:00 ] ::1 /cherry/public/login.html
ERR: 无法加载模块:Public

[ 2017-01-08T18:37:04+08:00 ] ::1 /cherry/index/public/login.html
ERR: 无法加载模块:Public

[ 2017-01-08T19:19:29+08:00 ] ::1 /cherry/Public/Pages/tables/simple.html
ERR: 无法加载模块:Public

[ 2017-01-08T22:51:43+08:00 ] ::1 /cherry/Public/Pages/layout/boxed.html
ERR: 无法加载模块:Public

