[ 2017-01-08T12:14:18+08:00 ] ::1 /Project01/app/index.php/Admin/Public/doLogin.html
ERR: 1146:Table 's56.admin' doesn't exist
 [ SQL语句 ] : SHOW COLUMNS FROM `admin`

[ 2017-01-08T12:19:30+08:00 ] ::1 /Project01/app/index.php/Admin/admin
ERR: 无法加载控制器:Admin

[ 2017-01-08T12:22:06+08:00 ] ::1 /Project01/app/index.php/Admin/Student/typography.html
ERR: 非法操作:typography

[ 2017-01-08T12:22:10+08:00 ] ::1 /Project01/app/index.php/Admin/Student/elements.html
ERR: 非法操作:elements

[ 2017-01-08T12:26:59+08:00 ] ::1 /cherry/admin/dist/css/skins/_all-skins.min.css
ERR: 无法加载控制器:Dist

[ 2017-01-08T12:26:59+08:00 ] ::1 /cherry/admin/bootstrap/css/bootstrap.min.css
ERR: 无法加载控制器:Bootstrap

[ 2017-01-08T12:26:59+08:00 ] ::1 /cherry/admin/dist/css/AdminLTE.min.css
ERR: 无法加载控制器:Dist

[ 2017-01-08T12:26:59+08:00 ] ::1 /cherry/admin/plugins/iCheck/flat/blue.css
ERR: 无法加载控制器:Plugins

[ 2017-01-08T12:26:59+08:00 ] ::1 /cherry/admin/plugins/jvectormap/jquery-jvectormap-1.2.2.css
ERR: 无法加载控制器:Plugins

[ 2017-01-08T12:26:59+08:00 ] ::1 /cherry/admin/plugins/morris/morris.css
ERR: 无法加载控制器:Plugins

[ 2017-01-08T12:26:59+08:00 ] ::1 /cherry/admin/plugins/datepicker/datepicker3.css
ERR: 无法加载控制器:Plugins

[ 2017-01-08T12:26:59+08:00 ] ::1 /cherry/admin/plugins/daterangepicker/daterangepicker.css
ERR: 无法加载控制器:Plugins

[ 2017-01-08T12:26:59+08:00 ] ::1 /cherry/admin/plugins/bootstrap-wysihtml5/bootstrap3-wysihtml5.min.css
ERR: 无法加载控制器:Plugins

[ 2017-01-08T12:26:59+08:00 ] ::1 /cherry/admin/plugins/jQuery/jquery-2.2.3.min.js
ERR: 无法加载控制器:Plugins

[ 2017-01-08T12:26:59+08:00 ] ::1 /cherry/admin/plugins/sparkline/jquery.sparkline.min.js
ERR: 无法加载控制器:Plugins

[ 2017-01-08T12:26:59+08:00 ] ::1 /cherry/admin/bootstrap/js/bootstrap.min.js
ERR: 无法加载控制器:Bootstrap

[ 2017-01-08T12:26:59+08:00 ] ::1 /cherry/admin/plugins/morris/morris.min.js
ERR: 无法加载控制器:Plugins

[ 2017-01-08T12:26:59+08:00 ] ::1 /cherry/admin/plugins/jvectormap/jquery-jvectormap-1.2.2.min.js
ERR: 无法加载控制器:Plugins

[ 2017-01-08T12:26:59+08:00 ] ::1 /cherry/admin/plugins/jvectormap/jquery-jvectormap-world-mill-en.js
ERR: 无法加载控制器:Plugins

[ 2017-01-08T12:26:59+08:00 ] ::1 /cherry/admin/plugins/knob/jquery.knob.js
ERR: 无法加载控制器:Plugins

[ 2017-01-08T12:26:59+08:00 ] ::1 /cherry/admin/plugins/daterangepicker/daterangepicker.js
ERR: 无法加载控制器:Plugins

[ 2017-01-08T12:26:59+08:00 ] ::1 /cherry/admin/plugins/datepicker/bootstrap-datepicker.js
ERR: 无法加载控制器:Plugins

[ 2017-01-08T12:26:59+08:00 ] ::1 /cherry/admin/plugins/bootstrap-wysihtml5/bootstrap3-wysihtml5.all.min.js
ERR: 无法加载控制器:Plugins

[ 2017-01-08T12:26:59+08:00 ] ::1 /cherry/admin/plugins/slimScroll/jquery.slimscroll.min.js
ERR: 无法加载控制器:Plugins

[ 2017-01-08T12:26:59+08:00 ] ::1 /cherry/admin/plugins/fastclick/fastclick.js
ERR: 无法加载控制器:Plugins

[ 2017-01-08T12:26:59+08:00 ] ::1 /cherry/admin/dist/js/pages/dashboard.js
ERR: 无法加载控制器:Dist

[ 2017-01-08T12:26:59+08:00 ] ::1 /cherry/admin/dist/js/app.min.js
ERR: 无法加载控制器:Dist

[ 2017-01-08T12:26:59+08:00 ] ::1 /cherry/admin/dist/js/demo.js
ERR: 无法加载控制器:Dist

[ 2017-01-08T12:26:59+08:00 ] ::1 /cherry/admin/plugins/sparkline/jquery.sparkline.min.js
ERR: 无法加载控制器:Plugins

[ 2017-01-08T12:26:59+08:00 ] ::1 /cherry/admin/plugins/jvectormap/jquery-jvectormap-1.2.2.min.js
ERR: 无法加载控制器:Plugins

[ 2017-01-08T12:26:59+08:00 ] ::1 /cherry/admin/plugins/jvectormap/jquery-jvectormap-world-mill-en.js
ERR: 无法加载控制器:Plugins

[ 2017-01-08T12:26:59+08:00 ] ::1 /cherry/admin/plugins/knob/jquery.knob.js
ERR: 无法加载控制器:Plugins

[ 2017-01-08T12:26:59+08:00 ] ::1 /cherry/admin/plugins/daterangepicker/daterangepicker.js
ERR: 无法加载控制器:Plugins

[ 2017-01-08T12:26:59+08:00 ] ::1 /cherry/admin/plugins/datepicker/bootstrap-datepicker.js
ERR: 无法加载控制器:Plugins

[ 2017-01-08T12:26:59+08:00 ] ::1 /cherry/admin/plugins/bootstrap-wysihtml5/bootstrap3-wysihtml5.all.min.js
ERR: 无法加载控制器:Plugins

[ 2017-01-08T12:26:59+08:00 ] ::1 /cherry/admin/plugins/slimScroll/jquery.slimscroll.min.js
ERR: 无法加载控制器:Plugins

[ 2017-01-08T12:26:59+08:00 ] ::1 /cherry/admin/plugins/fastclick/fastclick.js
ERR: 无法加载控制器:Plugins

[ 2017-01-08T12:26:59+08:00 ] ::1 /cherry/admin/dist/js/app.min.js
ERR: 无法加载控制器:Dist

[ 2017-01-08T12:26:59+08:00 ] ::1 /cherry/admin/dist/js/pages/dashboard.js
ERR: 无法加载控制器:Dist

[ 2017-01-08T12:26:59+08:00 ] ::1 /cherry/admin/dist/js/demo.js
ERR: 无法加载控制器:Dist

[ 2017-01-08T12:31:00+08:00 ] ::1 /cherry/admin/index2.html
ERR: 无法加载控制器:Index2

[ 2017-01-08T12:46:36+08:00 ] ::1 /cherry/admin/pages/layout/top-nav.html
ERR: 无法加载控制器:Pages

[ 2017-01-08T12:53:24+08:00 ] ::1 /cherry/index.php/Admin/Users/index.html
ERR: 无法加载控制器:Users

[ 2017-01-08T12:53:27+08:00 ] ::1 /cherry/index.php/Admin/Users/add.html
ERR: 无法加载控制器:Users

[ 2017-01-08T13:00:23+08:00 ] ::1 /cherry/index.php/Admin/Users/index.html
ERR: 无法加载控制器:Users

[ 2017-01-08T13:28:46+08:00 ] ::1 /cherry/index.php/Admin/Users/add.html
ERR: 模板不存在:./Application/Admin/View/Users/add.html

[ 2017-01-08T13:38:20+08:00 ] ::1 /cherry/index.php/Admin/Users/pages/mailbox/mailbox.html
ERR: 非法操作:pages

[ 2017-01-08T13:46:19+08:00 ] ::1 /cherry/index.php/Admin/Users/index2.html
ERR: 非法操作:index2

[ 2017-01-08T13:48:01+08:00 ] ::1 /cherry/index.php/Admin/Users/index2.html
ERR: 非法操作:index2

[ 2017-01-08T13:50:09+08:00 ] ::1 /cherry/index.php/Admin/index.html
ERR: syntax error, unexpected '}', expecting ',' or ';'

[ 2017-01-08T13:50:11+08:00 ] ::1 /cherry/index.php/Admin/index.html
ERR: syntax error, unexpected '}', expecting ',' or ';'

[ 2017-01-08T14:17:06+08:00 ] ::1 /cherry/index.php/Admin/login
ERR: 无法加载控制器:Login

[ 2017-01-08T14:17:15+08:00 ] ::1 /cherry/admin/login
ERR: 无法加载控制器:Login

[ 2017-01-08T14:36:32+08:00 ] ::1 /cherry/index.php/Admin/Users/index2.html
ERR: 非法操作:index2

[ 2017-01-08T18:37:52+08:00 ] ::1 /cherry/admin/public/login.index
ERR: 非法操作:login.index

[ 2017-01-08T19:19:13+08:00 ] ::1 /cherry/index.php/Admin/Admins/index2.html
ERR: 非法操作:index2

[ 2017-01-08T22:29:32+08:00 ] ::1 /cherry/index.php/Admin/Admins/index.html
ERR: 1054:Unknown column 'id' in 'order clause'
 [ SQL语句 ] : SELECT * FROM `admins2` ORDER BY id desc LIMIT 0,10  

[ 2017-01-08T22:32:27+08:00 ] ::1 /cherry/index.php/Admin/Admins/edit/id/3.html
ERR: 模板不存在:./Application/Admin/View/Admins/edit.html

[ 2017-01-08T22:51:48+08:00 ] ::1 /cherry/index.php/Admin/Users/index2.html
ERR: 非法操作:index2

[ 2017-01-08T23:24:06+08:00 ] ::1 /cherry/index.php/Admin/Users/index2.html
ERR: 非法操作:index2

[ 2017-01-08T23:35:55+08:00 ] ::1 /cherry/index.php/Admin/User/index.html
ERR: 无法加载控制器:User

